2026-04-27 21:09:41 [INFO] autorun scheduler started — 3 jobs
2026-04-27 21:09:41 [INFO]   [NEWS] kind=interval next_fire=2026-04-27T21:09:41
2026-04-27 21:09:41 [INFO]   [REALTIME] kind=interval next_fire=2026-04-28T09:00:00
2026-04-27 21:09:41 [INFO]   [MONTHLY] kind=monthly next_fire=2026-05-01T02:00:00
2026-04-27 21:09:41 [INFO] [NEWS] bucket start (6 commands)
2026-04-27 21:09:41 [INFO] [NEWS] starting ATW_aujourdhui_news.py
2026-04-27 21:10:17 [INFO] [NEWS] ATW_aujourdhui_news.py exit=0 elapsed=36.1s
2026-04-27 21:10:17 [INFO] [NEWS] starting ATW_boursenews_news.py
2026-04-27 21:10:53 [INFO] [NEWS] ATW_boursenews_news.py exit=0 elapsed=35.5s
2026-04-27 21:10:53 [INFO] [NEWS] starting ATW_googlenews_news.py
2026-04-27 21:11:09 [INFO] [NEWS] ATW_googlenews_news.py exit=0 elapsed=15.8s
2026-04-27 21:11:09 [INFO] [NEWS] starting ATW_leconomiste_news.py
2026-04-27 21:12:14 [INFO] [NEWS] ATW_leconomiste_news.py exit=0 elapsed=64.9s
2026-04-27 21:12:14 [INFO] [NEWS] starting ATW_marketscreener_news.py
2026-04-27 21:13:33 [INFO] [NEWS] ATW_marketscreener_news.py exit=0 elapsed=79.0s
2026-04-27 21:13:33 [INFO] [NEWS] starting ATW_medias24_news.py
2026-04-27 21:14:29 [INFO] [NEWS] ATW_medias24_news.py exit=0 elapsed=56.1s
2026-04-27 21:14:29 [INFO] [NEWS] bucket done
2026-04-27 21:14:29 [INFO] [NEWS] next_fire=2026-04-27T22:14:29
2026-04-27 21:22:18 [INFO] autorun stopped by user
2026-04-27 21:22:18 [INFO] autorun scheduler started — 3 jobs
2026-04-27 21:22:18 [INFO]   [NEWS] kind=interval next_fire=2026-04-27T21:22:18
2026-04-27 21:22:18 [INFO]   [REALTIME] kind=interval next_fire=2026-04-28T09:00:00
2026-04-27 21:22:18 [INFO]   [MONTHLY] kind=monthly next_fire=2026-05-01T02:00:00
2026-04-27 21:22:18 [INFO] [NEWS] bucket start (6 commands)
2026-04-27 21:22:18 [INFO] [NEWS] starting ATW_aujourdhui_news.py
2026-04-27 21:22:44 [INFO] [NEWS] ATW_aujourdhui_news.py exit=0 elapsed=26.3s
2026-04-27 21:22:44 [INFO] [NEWS] starting ATW_boursenews_news.py
2026-04-27 21:23:16 [INFO] [NEWS] ATW_boursenews_news.py exit=0 elapsed=31.2s
2026-04-27 21:23:16 [INFO] [NEWS] starting ATW_googlenews_news.py
2026-04-27 21:23:28 [INFO] [NEWS] ATW_googlenews_news.py exit=0 elapsed=12.5s
2026-04-27 21:23:28 [INFO] [NEWS] starting ATW_leconomiste_news.py
2026-04-27 21:27:13 [INFO] [NEWS] ATW_leconomiste_news.py exit=0 elapsed=224.8s
2026-04-27 21:27:13 [INFO] [NEWS] starting ATW_marketscreener_news.py
2026-04-27 21:28:31 [INFO] [NEWS] ATW_marketscreener_news.py exit=0 elapsed=78.3s
2026-04-27 21:28:31 [INFO] [NEWS] starting ATW_medias24_news.py
2026-04-27 21:29:31 [INFO] [NEWS] ATW_medias24_news.py exit=0 elapsed=59.9s
2026-04-27 21:29:31 [INFO] [NEWS] bucket done
2026-04-27 21:29:31 [INFO] [NEWS] next_fire=2026-04-27T22:29:31
2026-04-28 10:39:30 [INFO] autorun scheduler started — 3 jobs
2026-04-28 10:39:30 [INFO]   [NEWS] kind=interval next_fire=2026-04-28T10:39:30
2026-04-28 10:39:30 [INFO]   [REALTIME] kind=interval next_fire=2026-04-28T10:39:30
2026-04-28 10:39:30 [INFO]   [MONTHLY] kind=monthly next_fire=2026-05-01T02:00:00
2026-04-28 10:39:30 [INFO] [NEWS] bucket start (6 commands)
2026-04-28 10:39:30 [INFO] [NEWS] starting ATW_aujourdhui_news.py
2026-04-28 10:39:55 [INFO] [NEWS] ATW_aujourdhui_news.py exit=0 elapsed=25.1s
2026-04-28 10:39:55 [INFO] [NEWS] starting ATW_boursenews_news.py
2026-04-28 10:40:25 [INFO] [NEWS] ATW_boursenews_news.py exit=0 elapsed=29.9s
2026-04-28 10:40:25 [INFO] [NEWS] starting ATW_googlenews_news.py
2026-04-28 10:40:36 [INFO] [NEWS] ATW_googlenews_news.py exit=0 elapsed=11.4s
2026-04-28 10:40:36 [INFO] [NEWS] starting ATW_leconomiste_news.py
2026-04-28 10:41:32 [INFO] [NEWS] ATW_leconomiste_news.py exit=0 elapsed=55.4s
2026-04-28 10:41:32 [INFO] [NEWS] starting ATW_marketscreener_news.py
2026-04-28 10:42:47 [INFO] [NEWS] ATW_marketscreener_news.py exit=0 elapsed=75.1s
2026-04-28 10:42:47 [INFO] [NEWS] starting ATW_medias24_news.py
2026-04-28 10:43:38 [INFO] [NEWS] ATW_medias24_news.py exit=0 elapsed=51.5s
2026-04-28 10:43:38 [INFO] [NEWS] bucket done
2026-04-28 10:43:38 [INFO] [NEWS] next_fire=2026-04-28T11:43:38
2026-04-28 10:43:38 [INFO] [REALTIME] bucket start (1 commands)
2026-04-28 10:43:38 [INFO] [REALTIME] starting atw_realtime_scraper.py
2026-04-28 10:43:42 [INFO] [REALTIME] atw_realtime_scraper.py exit=0 elapsed=3.9s
2026-04-28 10:43:42 [INFO] [REALTIME] bucket done
2026-04-28 10:43:42 [INFO] [REALTIME] next_fire=2026-04-28T10:58:42
2026-04-28 11:16:38 [INFO] [REALTIME] bucket start (1 commands)
2026-04-28 11:16:38 [INFO] [REALTIME] starting atw_realtime_scraper.py
2026-04-28 11:16:42 [INFO] [REALTIME] atw_realtime_scraper.py exit=0 elapsed=4.1s
2026-04-28 11:16:42 [INFO] [REALTIME] bucket done
2026-04-28 11:16:42 [INFO] [REALTIME] next_fire=2026-04-28T11:31:42
2026-04-28 11:31:42 [INFO] [REALTIME] bucket start (1 commands)
2026-04-28 11:31:42 [INFO] [REALTIME] starting atw_realtime_scraper.py
2026-04-28 11:31:45 [INFO] [REALTIME] atw_realtime_scraper.py exit=0 elapsed=2.6s
2026-04-28 11:31:45 [INFO] [REALTIME] bucket done
2026-04-28 11:31:45 [INFO] [REALTIME] next_fire=2026-04-28T11:46:45
2026-04-28 11:43:45 [INFO] [NEWS] bucket start (6 commands)
2026-04-28 11:43:45 [INFO] [NEWS] starting ATW_aujourdhui_news.py
2026-04-28 11:44:05 [INFO] [NEWS] ATW_aujourdhui_news.py exit=0 elapsed=20.5s
2026-04-28 11:44:05 [INFO] [NEWS] starting ATW_boursenews_news.py
2026-04-28 11:44:30 [INFO] [NEWS] ATW_boursenews_news.py exit=0 elapsed=24.9s
2026-04-28 11:44:30 [INFO] [NEWS] starting ATW_googlenews_news.py
2026-04-28 11:44:39 [INFO] [NEWS] ATW_googlenews_news.py exit=0 elapsed=9.3s
2026-04-28 11:44:39 [INFO] [NEWS] starting ATW_leconomiste_news.py
2026-04-28 11:45:27 [INFO] [NEWS] ATW_leconomiste_news.py exit=0 elapsed=48.3s
2026-04-28 11:45:27 [INFO] [NEWS] starting ATW_marketscreener_news.py
2026-04-28 11:46:28 [INFO] [NEWS] ATW_marketscreener_news.py exit=0 elapsed=60.4s
2026-04-28 11:46:28 [INFO] [NEWS] starting ATW_medias24_news.py
2026-04-28 11:47:17 [INFO] [NEWS] ATW_medias24_news.py exit=0 elapsed=49.2s
2026-04-28 11:47:17 [INFO] [NEWS] bucket done
2026-04-28 11:47:17 [INFO] [NEWS] next_fire=2026-04-28T12:47:17
2026-04-28 11:47:47 [INFO] [REALTIME] bucket start (1 commands)
2026-04-28 11:47:47 [INFO] [REALTIME] starting atw_realtime_scraper.py
2026-04-28 11:47:50 [INFO] [REALTIME] atw_realtime_scraper.py exit=0 elapsed=2.5s
2026-04-28 11:47:50 [INFO] [REALTIME] bucket done
2026-04-28 11:47:50 [INFO] [REALTIME] next_fire=2026-04-28T12:02:50
2026-04-28 12:02:50 [INFO] [REALTIME] bucket start (1 commands)
2026-04-28 12:02:50 [INFO] [REALTIME] starting atw_realtime_scraper.py
2026-04-28 12:02:52 [INFO] [REALTIME] atw_realtime_scraper.py exit=0 elapsed=2.7s
2026-04-28 12:02:52 [INFO] [REALTIME] bucket done
2026-04-28 12:02:52 [INFO] [REALTIME] next_fire=2026-04-28T12:17:52
2026-04-28 12:17:52 [INFO] [REALTIME] bucket start (1 commands)
2026-04-28 12:17:52 [INFO] [REALTIME] starting atw_realtime_scraper.py
2026-04-28 12:17:55 [INFO] [REALTIME] atw_realtime_scraper.py exit=0 elapsed=2.6s
2026-04-28 12:17:55 [INFO] [REALTIME] bucket done
2026-04-28 12:17:55 [INFO] [REALTIME] next_fire=2026-04-28T12:32:55
2026-04-28 12:32:55 [INFO] [REALTIME] bucket start (1 commands)
2026-04-28 12:32:55 [INFO] [REALTIME] starting atw_realtime_scraper.py
2026-04-28 12:32:58 [INFO] [REALTIME] atw_realtime_scraper.py exit=0 elapsed=2.7s
2026-04-28 12:32:58 [INFO] [REALTIME] bucket done
2026-04-28 12:32:58 [INFO] [REALTIME] next_fire=2026-04-28T12:47:58
2026-04-28 12:47:28 [INFO] [NEWS] bucket start (6 commands)
2026-04-28 12:47:28 [INFO] [NEWS] starting ATW_aujourdhui_news.py
2026-04-28 12:47:52 [INFO] [NEWS] ATW_aujourdhui_news.py exit=0 elapsed=24.1s
2026-04-28 12:47:52 [INFO] [NEWS] starting ATW_boursenews_news.py
2026-04-28 12:48:17 [INFO] [NEWS] ATW_boursenews_news.py exit=0 elapsed=25.2s
2026-04-28 12:48:17 [INFO] [NEWS] starting ATW_googlenews_news.py
2026-04-28 12:48:26 [INFO] [NEWS] ATW_googlenews_news.py exit=0 elapsed=9.4s
2026-04-28 12:48:26 [INFO] [NEWS] starting ATW_leconomiste_news.py
2026-04-28 12:48:50 [INFO] [NEWS] ATW_leconomiste_news.py exit=0 elapsed=24.2s
2026-04-28 12:48:50 [INFO] [NEWS] starting ATW_marketscreener_news.py
2026-04-28 12:49:49 [INFO] [NEWS] ATW_marketscreener_news.py exit=0 elapsed=58.3s
2026-04-28 12:49:49 [INFO] [NEWS] starting ATW_medias24_news.py
2026-04-28 12:50:36 [INFO] [NEWS] ATW_medias24_news.py exit=0 elapsed=47.2s
2026-04-28 12:50:36 [INFO] [NEWS] bucket done
2026-04-28 12:50:36 [INFO] [NEWS] next_fire=2026-04-28T13:50:36
2026-04-28 12:51:06 [INFO] [REALTIME] bucket start (1 commands)
2026-04-28 12:51:06 [INFO] [REALTIME] starting atw_realtime_scraper.py
2026-04-28 12:51:09 [INFO] [REALTIME] atw_realtime_scraper.py exit=0 elapsed=2.6s
2026-04-28 12:51:09 [INFO] [REALTIME] bucket done
2026-04-28 12:51:09 [INFO] [REALTIME] next_fire=2026-04-28T13:06:09
2026-04-28 13:06:09 [INFO] [REALTIME] bucket start (1 commands)
2026-04-28 13:06:09 [INFO] [REALTIME] starting atw_realtime_scraper.py
2026-04-28 13:06:11 [INFO] [REALTIME] atw_realtime_scraper.py exit=0 elapsed=2.7s
2026-04-28 13:06:11 [INFO] [REALTIME] bucket done
2026-04-28 13:06:11 [INFO] [REALTIME] next_fire=2026-04-28T13:21:11
2026-04-28 13:21:11 [INFO] [REALTIME] bucket start (1 commands)
2026-04-28 13:21:11 [INFO] [REALTIME] starting atw_realtime_scraper.py
2026-04-28 13:21:14 [INFO] [REALTIME] atw_realtime_scraper.py exit=0 elapsed=2.6s
2026-04-28 13:21:14 [INFO] [REALTIME] bucket done
2026-04-28 13:21:14 [INFO] [REALTIME] next_fire=2026-04-28T13:36:14
2026-04-28 13:36:14 [INFO] [REALTIME] bucket start (1 commands)
2026-04-28 13:36:14 [INFO] [REALTIME] starting atw_realtime_scraper.py
2026-04-28 13:36:17 [INFO] [REALTIME] atw_realtime_scraper.py exit=0 elapsed=2.8s
2026-04-28 13:36:17 [INFO] [REALTIME] bucket done
2026-04-28 13:36:17 [INFO] [REALTIME] next_fire=2026-04-28T13:51:17
2026-04-28 14:02:51 [INFO] [NEWS] bucket start (6 commands)
2026-04-28 14:02:51 [INFO] [NEWS] starting ATW_aujourdhui_news.py
2026-04-28 14:03:16 [INFO] [NEWS] ATW_aujourdhui_news.py exit=0 elapsed=24.1s
2026-04-28 14:03:16 [INFO] [NEWS] starting ATW_boursenews_news.py
2026-04-28 14:03:45 [INFO] [NEWS] ATW_boursenews_news.py exit=0 elapsed=29.8s
2026-04-28 14:03:45 [INFO] [NEWS] starting ATW_googlenews_news.py
2026-04-28 14:03:57 [INFO] [NEWS] ATW_googlenews_news.py exit=0 elapsed=11.7s
2026-04-28 14:03:57 [INFO] [NEWS] starting ATW_leconomiste_news.py
2026-04-28 14:04:47 [INFO] [NEWS] ATW_leconomiste_news.py exit=0 elapsed=49.6s
2026-04-28 14:04:47 [INFO] [NEWS] starting ATW_marketscreener_news.py
2026-04-28 14:07:04 [INFO] [NEWS] ATW_marketscreener_news.py exit=0 elapsed=137.1s
2026-04-28 14:07:04 [INFO] [NEWS] starting ATW_medias24_news.py
2026-04-28 14:08:00 [INFO] [NEWS] ATW_medias24_news.py exit=0 elapsed=56.3s
2026-04-28 14:08:00 [INFO] [NEWS] bucket done
2026-04-28 14:08:00 [INFO] [NEWS] next_fire=2026-04-28T15:08:00
2026-04-28 14:08:00 [INFO] [REALTIME] bucket start (1 commands)
2026-04-28 14:08:00 [INFO] [REALTIME] starting atw_realtime_scraper.py
2026-04-28 14:08:04 [INFO] [REALTIME] atw_realtime_scraper.py exit=0 elapsed=4.1s
2026-04-28 14:08:04 [INFO] [REALTIME] bucket done
2026-04-28 14:08:04 [INFO] [REALTIME] next_fire=2026-04-28T14:23:04
2026-04-28 14:23:05 [INFO] [REALTIME] bucket start (1 commands)
2026-04-28 14:23:05 [INFO] [REALTIME] starting atw_realtime_scraper.py
2026-04-28 14:23:10 [INFO] [REALTIME] atw_realtime_scraper.py exit=0 elapsed=4.5s
2026-04-28 14:23:10 [INFO] [REALTIME] bucket done
2026-04-28 14:23:10 [INFO] [REALTIME] next_fire=2026-04-28T14:38:10
2026-04-28 14:38:10 [INFO] [REALTIME] bucket start (1 commands)
2026-04-28 14:38:10 [INFO] [REALTIME] starting atw_realtime_scraper.py
2026-04-28 14:38:15 [INFO] [REALTIME] atw_realtime_scraper.py exit=0 elapsed=4.8s
2026-04-28 14:38:15 [INFO] [REALTIME] bucket done
2026-04-28 14:38:15 [INFO] [REALTIME] next_fire=2026-04-28T14:53:15
2026-04-28 14:53:15 [INFO] [REALTIME] bucket start (1 commands)
2026-04-28 14:53:15 [INFO] [REALTIME] starting atw_realtime_scraper.py
2026-04-28 14:53:19 [INFO] [REALTIME] atw_realtime_scraper.py exit=0 elapsed=4.0s
2026-04-28 14:53:19 [INFO] [REALTIME] bucket done
2026-04-28 14:53:19 [INFO] [REALTIME] next_fire=2026-04-28T15:08:19
2026-04-28 15:08:19 [INFO] [NEWS] bucket start (6 commands)
2026-04-28 15:08:19 [INFO] [NEWS] starting ATW_aujourdhui_news.py
2026-04-28 15:08:39 [INFO] [NEWS] ATW_aujourdhui_news.py exit=0 elapsed=20.0s
2026-04-28 15:08:39 [INFO] [NEWS] starting ATW_boursenews_news.py
2026-04-28 15:09:09 [INFO] [NEWS] ATW_boursenews_news.py exit=0 elapsed=29.8s
2026-04-28 15:09:09 [INFO] [NEWS] starting ATW_googlenews_news.py
2026-04-28 15:09:19 [INFO] [NEWS] ATW_googlenews_news.py exit=0 elapsed=10.4s
2026-04-28 15:09:19 [INFO] [NEWS] starting ATW_leconomiste_news.py
2026-04-28 15:10:14 [INFO] [NEWS] ATW_leconomiste_news.py exit=0 elapsed=55.1s
2026-04-28 15:10:14 [INFO] [NEWS] starting ATW_marketscreener_news.py
2026-04-28 15:10:17 [INFO] [NEWS] ATW_marketscreener_news.py exit=0 elapsed=2.7s
2026-04-28 15:10:17 [INFO] [NEWS] starting ATW_medias24_news.py
2026-04-28 15:11:11 [INFO] [NEWS] ATW_medias24_news.py exit=0 elapsed=54.2s
2026-04-28 15:11:11 [INFO] [NEWS] bucket done
2026-04-28 15:11:11 [INFO] [NEWS] next_fire=2026-04-28T16:11:11
2026-04-28 15:11:11 [INFO] [REALTIME] bucket start (1 commands)
2026-04-28 15:11:11 [INFO] [REALTIME] starting atw_realtime_scraper.py
2026-04-28 15:11:15 [INFO] [REALTIME] atw_realtime_scraper.py exit=0 elapsed=4.2s
2026-04-28 15:11:15 [INFO] [REALTIME] bucket done
2026-04-28 15:11:15 [INFO] [REALTIME] next_fire=2026-04-28T15:26:15
2026-04-28 17:03:57 [INFO] [NEWS] bucket start (6 commands)
2026-04-28 17:03:57 [INFO] [NEWS] starting ATW_aujourdhui_news.py
2026-04-28 17:04:21 [INFO] [NEWS] ATW_aujourdhui_news.py exit=0 elapsed=23.8s
2026-04-28 17:04:21 [INFO] [NEWS] starting ATW_boursenews_news.py
2026-04-28 17:05:00 [INFO] [NEWS] ATW_boursenews_news.py exit=0 elapsed=39.5s
2026-04-28 17:05:00 [INFO] [NEWS] starting ATW_googlenews_news.py
2026-04-28 17:05:13 [INFO] [NEWS] ATW_googlenews_news.py exit=0 elapsed=12.9s
2026-04-28 17:05:13 [INFO] [NEWS] starting ATW_leconomiste_news.py
2026-04-28 17:06:19 [INFO] [NEWS] ATW_leconomiste_news.py exit=0 elapsed=65.6s
2026-04-28 17:06:19 [INFO] [NEWS] starting ATW_marketscreener_news.py
2026-04-28 17:08:06 [INFO] [NEWS] ATW_marketscreener_news.py exit=0 elapsed=107.4s
2026-04-28 17:08:06 [INFO] [NEWS] starting ATW_medias24_news.py
2026-04-28 17:09:26 [INFO] [NEWS] ATW_medias24_news.py exit=0 elapsed=79.4s
2026-04-28 17:09:26 [INFO] [NEWS] bucket done
2026-04-28 17:09:26 [INFO] [NEWS] next_fire=2026-04-28T18:09:26
2026-04-28 17:09:26 [INFO] [REALTIME] market closed (weekday=Tuesday hour=17) — parked until 2026-04-29T09:00:00
2026-04-29 10:54:44 [INFO] autorun scheduler started — 3 jobs
2026-04-29 10:54:44 [INFO]   [NEWS] kind=interval next_fire=2026-04-29T10:54:44
2026-04-29 10:54:44 [INFO]   [REALTIME] kind=interval next_fire=2026-04-29T10:54:44
2026-04-29 10:54:44 [INFO]   [MONTHLY] kind=monthly next_fire=2026-05-01T02:00:00
2026-04-29 10:54:44 [INFO] [NEWS] bucket start (6 commands)
2026-04-29 10:54:44 [INFO] [NEWS] starting ATW_aujourdhui_news.py
2026-04-29 10:55:09 [INFO] [NEWS] ATW_aujourdhui_news.py exit=0 elapsed=24.1s
2026-04-29 10:55:09 [INFO] [NEWS] starting ATW_boursenews_news.py
2026-04-29 10:55:38 [INFO] [NEWS] ATW_boursenews_news.py exit=0 elapsed=29.6s
2026-04-29 10:55:38 [INFO] [NEWS] starting ATW_googlenews_news.py
2026-04-29 10:55:49 [INFO] [NEWS] ATW_googlenews_news.py exit=0 elapsed=10.9s
2026-04-29 10:55:49 [INFO] [NEWS] starting ATW_leconomiste_news.py
2026-04-29 10:56:31 [INFO] [NEWS] ATW_leconomiste_news.py exit=0 elapsed=41.4s
2026-04-29 10:56:31 [INFO] [NEWS] starting ATW_marketscreener_news.py
2026-04-29 10:57:44 [INFO] [NEWS] ATW_marketscreener_news.py exit=0 elapsed=73.4s
2026-04-29 10:57:44 [INFO] [NEWS] starting ATW_medias24_news.py
2026-04-29 10:58:37 [INFO] [NEWS] ATW_medias24_news.py exit=0 elapsed=53.6s
2026-04-29 10:58:37 [INFO] [NEWS] bucket done
2026-04-29 10:58:37 [INFO] [NEWS] next_fire=2026-04-29T11:58:37
2026-04-29 10:58:37 [INFO] [REALTIME] bucket start (1 commands)
2026-04-29 10:58:37 [INFO] [REALTIME] starting atw_realtime_scraper.py
2026-04-29 10:58:42 [INFO] [REALTIME] atw_realtime_scraper.py exit=0 elapsed=4.4s
2026-04-29 10:58:42 [INFO] [REALTIME] bucket done
2026-04-29 10:58:42 [INFO] [REALTIME] next_fire=2026-04-29T11:13:42
2026-04-29 11:13:42 [INFO] [REALTIME] bucket start (1 commands)
2026-04-29 11:13:42 [INFO] [REALTIME] starting atw_realtime_scraper.py
2026-04-29 11:13:46 [INFO] [REALTIME] atw_realtime_scraper.py exit=0 elapsed=4.4s
2026-04-29 11:13:46 [INFO] [REALTIME] bucket done
2026-04-29 11:13:46 [INFO] [REALTIME] next_fire=2026-04-29T11:28:46
2026-04-29 11:28:46 [INFO] [REALTIME] bucket start (1 commands)
2026-04-29 11:28:46 [INFO] [REALTIME] starting atw_realtime_scraper.py
2026-04-29 11:28:51 [INFO] [REALTIME] atw_realtime_scraper.py exit=0 elapsed=4.5s
2026-04-29 11:28:51 [INFO] [REALTIME] bucket done
2026-04-29 11:28:51 [INFO] [REALTIME] next_fire=2026-04-29T11:43:51
2026-04-29 11:43:51 [INFO] [REALTIME] bucket start (1 commands)
2026-04-29 11:43:51 [INFO] [REALTIME] starting atw_realtime_scraper.py
2026-04-29 11:43:55 [INFO] [REALTIME] atw_realtime_scraper.py exit=0 elapsed=3.8s
2026-04-29 11:43:55 [INFO] [REALTIME] bucket done
2026-04-29 11:43:55 [INFO] [REALTIME] next_fire=2026-04-29T11:58:55
2026-04-29 11:58:55 [INFO] [NEWS] bucket start (6 commands)
2026-04-29 11:58:55 [INFO] [NEWS] starting ATW_aujourdhui_news.py
2026-04-29 11:59:18 [INFO] [NEWS] ATW_aujourdhui_news.py exit=0 elapsed=22.7s
2026-04-29 11:59:18 [INFO] [NEWS] starting ATW_boursenews_news.py
2026-04-29 11:59:49 [INFO] [NEWS] ATW_boursenews_news.py exit=0 elapsed=31.5s
2026-04-29 11:59:49 [INFO] [NEWS] starting ATW_googlenews_news.py
2026-04-29 12:00:01 [INFO] [NEWS] ATW_googlenews_news.py exit=0 elapsed=11.5s
2026-04-29 12:00:01 [INFO] [NEWS] starting ATW_leconomiste_news.py
2026-04-29 12:00:49 [INFO] [NEWS] ATW_leconomiste_news.py exit=0 elapsed=48.3s
2026-04-29 12:00:49 [INFO] [NEWS] starting ATW_marketscreener_news.py
2026-04-29 12:02:05 [INFO] [NEWS] ATW_marketscreener_news.py exit=0 elapsed=76.4s
2026-04-29 12:02:05 [INFO] [NEWS] starting ATW_medias24_news.py
2026-04-29 12:03:05 [INFO] [NEWS] ATW_medias24_news.py exit=0 elapsed=60.0s
2026-04-29 12:03:05 [INFO] [NEWS] bucket done
2026-04-29 12:03:05 [INFO] [NEWS] next_fire=2026-04-29T13:03:05
2026-04-29 12:03:05 [INFO] [REALTIME] bucket start (1 commands)
2026-04-29 12:03:05 [INFO] [REALTIME] starting atw_realtime_scraper.py
2026-04-29 12:03:09 [INFO] [REALTIME] atw_realtime_scraper.py exit=0 elapsed=3.8s
2026-04-29 12:03:09 [INFO] [REALTIME] bucket done
2026-04-29 12:03:09 [INFO] [REALTIME] next_fire=2026-04-29T12:18:09
2026-04-29 12:11:04 [INFO] autorun stopped by user
2026-04-30 21:26:10 [INFO] autorun scheduler started — 3 jobs
2026-04-30 21:26:10 [INFO]   [NEWS] kind=interval next_fire=2026-04-30T21:26:10
2026-04-30 21:26:10 [INFO]   [REALTIME] kind=interval next_fire=2026-05-01T09:00:00
2026-04-30 21:26:10 [INFO]   [MONTHLY] kind=monthly next_fire=2026-05-01T02:00:00
2026-04-30 21:26:10 [INFO] [NEWS] bucket start (6 commands)
2026-04-30 21:26:10 [INFO] [NEWS] starting ATW_aujourdhui_news.py
2026-04-30 21:26:37 [INFO] [NEWS] ATW_aujourdhui_news.py exit=0 elapsed=26.5s
2026-04-30 21:26:37 [INFO] [NEWS] starting ATW_boursenews_news.py
2026-04-30 21:27:14 [INFO] [NEWS] ATW_boursenews_news.py exit=0 elapsed=37.0s
2026-04-30 21:27:14 [INFO] [NEWS] starting ATW_googlenews_news.py
2026-04-30 21:27:30 [INFO] [NEWS] ATW_googlenews_news.py exit=0 elapsed=16.4s
2026-04-30 21:27:30 [INFO] [NEWS] starting ATW_leconomiste_news.py
2026-04-30 21:28:12 [INFO] [NEWS] ATW_leconomiste_news.py exit=0 elapsed=42.3s
2026-04-30 21:28:12 [INFO] [NEWS] starting ATW_marketscreener_news.py
2026-04-30 21:29:30 [INFO] [NEWS] ATW_marketscreener_news.py exit=0 elapsed=77.4s
2026-04-30 21:29:30 [INFO] [NEWS] starting ATW_medias24_news.py
2026-04-30 21:30:30 [INFO] [NEWS] ATW_medias24_news.py exit=0 elapsed=60.4s
2026-04-30 21:30:30 [INFO] [NEWS] bucket done
2026-04-30 21:30:30 [INFO] [NEWS] next_fire=2026-04-30T22:30:30
2026-05-01 18:07:18 [INFO] autorun scheduler started — 3 jobs
2026-05-01 18:07:18 [INFO]   [NEWS] kind=interval next_fire=2026-05-01T18:07:18
2026-05-01 18:07:18 [INFO]   [REALTIME] kind=interval next_fire=2026-05-04T09:00:00
2026-05-01 18:07:18 [INFO]   [MONTHLY] kind=monthly next_fire=2026-06-01T02:00:00
2026-05-01 18:07:18 [INFO] [NEWS] bucket start (6 commands)
2026-05-01 18:07:18 [INFO] [NEWS] starting ATW_aujourdhui_news.py
2026-05-01 18:07:35 [INFO] autorun stopped by user
2026-05-02 18:02:16 [INFO] autorun scheduler started — 3 jobs
2026-05-02 18:02:16 [INFO]   [NEWS] kind=interval next_fire=2026-05-02T18:02:16
2026-05-02 18:02:16 [INFO]   [REALTIME] kind=interval next_fire=2026-05-04T09:00:00
2026-05-02 18:02:16 [INFO]   [MONTHLY] kind=monthly next_fire=2026-06-01T02:00:00
2026-05-02 18:02:16 [INFO] [NEWS] bucket start (6 commands)
2026-05-02 18:02:16 [INFO] [NEWS] starting ATW_aujourdhui_news.py
2026-05-02 18:02:40 [INFO] [NEWS] ATW_aujourdhui_news.py exit=0 elapsed=24.5s
2026-05-02 18:02:40 [INFO] [NEWS] starting ATW_boursenews_news.py
2026-05-02 18:03:15 [INFO] [NEWS] ATW_boursenews_news.py exit=0 elapsed=35.0s
2026-05-02 18:03:15 [INFO] [NEWS] starting ATW_googlenews_news.py
2026-05-02 18:03:23 [INFO] autorun stopped by user
2026-05-03 20:54:00 [INFO] autorun scheduler started — 3 jobs
2026-05-03 20:54:00 [INFO]   [NEWS] kind=interval next_fire=2026-05-03T20:54:00
2026-05-03 20:54:00 [INFO]   [REALTIME] kind=interval next_fire=2026-05-04T09:00:00
2026-05-03 20:54:00 [INFO]   [MONTHLY] kind=monthly next_fire=2026-06-01T02:00:00
2026-05-03 20:54:00 [INFO] [NEWS] bucket start (6 commands)
2026-05-03 20:54:00 [INFO] [NEWS] starting ATW_aujourdhui_news.py
2026-05-03 20:54:21 [INFO] [NEWS] ATW_aujourdhui_news.py exit=0 elapsed=21.3s
2026-05-03 20:54:21 [INFO] [NEWS] starting ATW_boursenews_news.py
2026-05-03 20:54:57 [INFO] [NEWS] ATW_boursenews_news.py exit=0 elapsed=35.9s
2026-05-03 20:54:57 [INFO] [NEWS] starting ATW_googlenews_news.py
2026-05-03 20:55:12 [INFO] [NEWS] ATW_googlenews_news.py exit=0 elapsed=15.4s
2026-05-03 20:55:12 [INFO] [NEWS] starting ATW_leconomiste_news.py
2026-05-03 20:56:08 [INFO] [NEWS] ATW_leconomiste_news.py exit=0 elapsed=56.1s
2026-05-03 20:56:08 [INFO] [NEWS] starting ATW_marketscreener_news.py
2026-05-03 20:57:12 [INFO] [NEWS] ATW_marketscreener_news.py exit=0 elapsed=64.1s
2026-05-03 20:57:12 [INFO] [NEWS] starting ATW_medias24_news.py
2026-05-03 20:58:02 [INFO] [NEWS] ATW_medias24_news.py exit=0 elapsed=49.7s
2026-05-03 20:58:02 [INFO] [NEWS] bucket done
2026-05-03 20:58:02 [INFO] [NEWS] next_fire=2026-05-03T21:58:02
2026-05-03 21:10:15 [INFO] autorun stopped by user
2026-05-04 13:34:01 [INFO] autorun scheduler started — 3 jobs
2026-05-04 13:34:01 [INFO]   [NEWS] kind=interval next_fire=2026-05-04T13:34:01
2026-05-04 13:34:01 [INFO]   [REALTIME] kind=interval next_fire=2026-05-04T13:34:01
2026-05-04 13:34:01 [INFO]   [MONTHLY] kind=monthly next_fire=2026-06-01T02:00:00
2026-05-04 13:34:01 [INFO] [NEWS] bucket start (6 commands)
2026-05-04 13:34:01 [INFO] [NEWS] starting ATW_aujourdhui_news.py
2026-05-04 13:34:21 [INFO] [NEWS] ATW_aujourdhui_news.py exit=0 elapsed=20.4s
2026-05-04 13:34:21 [INFO] [NEWS] starting ATW_boursenews_news.py
2026-05-04 13:34:52 [INFO] [NEWS] ATW_boursenews_news.py exit=0 elapsed=30.6s
2026-05-04 13:34:52 [INFO] [NEWS] starting ATW_googlenews_news.py
2026-05-04 13:35:03 [INFO] [NEWS] ATW_googlenews_news.py exit=0 elapsed=10.7s
2026-05-04 13:35:03 [INFO] [NEWS] starting ATW_leconomiste_news.py
2026-05-04 13:35:47 [INFO] [NEWS] ATW_leconomiste_news.py exit=0 elapsed=44.2s
2026-05-04 13:35:47 [INFO] [NEWS] starting ATW_marketscreener_news.py
2026-05-04 13:36:52 [INFO] [NEWS] ATW_marketscreener_news.py exit=0 elapsed=65.1s
2026-05-04 13:36:52 [INFO] [NEWS] starting ATW_medias24_news.py
2026-05-04 13:37:40 [INFO] [NEWS] ATW_medias24_news.py exit=0 elapsed=47.6s
2026-05-04 13:37:40 [INFO] [NEWS] bucket done
2026-05-04 13:37:40 [INFO] [NEWS] next_fire=2026-05-04T14:37:40
2026-05-04 13:37:40 [INFO] [REALTIME] bucket start (1 commands)
2026-05-04 13:37:40 [INFO] [REALTIME] starting atw_realtime_scraper.py
2026-05-04 13:37:43 [INFO] [REALTIME] atw_realtime_scraper.py exit=0 elapsed=3.2s
2026-05-04 13:37:43 [INFO] [REALTIME] bucket done
2026-05-04 13:37:43 [INFO] [REALTIME] next_fire=2026-05-04T13:52:43
2026-05-04 13:52:43 [INFO] [REALTIME] bucket start (1 commands)
2026-05-04 13:52:43 [INFO] [REALTIME] starting atw_realtime_scraper.py
2026-05-04 13:52:47 [INFO] [REALTIME] atw_realtime_scraper.py exit=0 elapsed=4.0s
2026-05-04 13:52:47 [INFO] [REALTIME] bucket done
2026-05-04 13:52:47 [INFO] [REALTIME] next_fire=2026-05-04T14:07:47
2026-05-04 14:07:47 [INFO] [REALTIME] bucket start (1 commands)
2026-05-04 14:07:47 [INFO] [REALTIME] starting atw_realtime_scraper.py
2026-05-04 14:07:50 [INFO] [REALTIME] atw_realtime_scraper.py exit=0 elapsed=3.1s
2026-05-04 14:07:50 [INFO] [REALTIME] bucket done
2026-05-04 14:07:50 [INFO] [REALTIME] next_fire=2026-05-04T14:22:50
2026-05-04 14:23:29 [INFO] [REALTIME] bucket start (1 commands)
2026-05-04 14:23:29 [INFO] [REALTIME] starting atw_realtime_scraper.py
2026-05-04 14:23:37 [INFO] [REALTIME] atw_realtime_scraper.py exit=0 elapsed=7.8s
2026-05-04 14:23:37 [INFO] [REALTIME] bucket done
2026-05-04 14:23:37 [INFO] [REALTIME] next_fire=2026-05-04T14:38:37
2026-05-04 14:38:07 [INFO] [NEWS] bucket start (6 commands)
2026-05-04 14:38:07 [INFO] [NEWS] starting ATW_aujourdhui_news.py
2026-05-04 14:38:26 [INFO] [NEWS] ATW_aujourdhui_news.py exit=0 elapsed=19.0s
2026-05-04 14:38:26 [INFO] [NEWS] starting ATW_boursenews_news.py
2026-05-04 14:38:55 [INFO] [NEWS] ATW_boursenews_news.py exit=0 elapsed=28.7s
2026-05-04 14:38:55 [INFO] [NEWS] starting ATW_googlenews_news.py
2026-05-04 14:39:05 [INFO] [NEWS] ATW_googlenews_news.py exit=0 elapsed=10.3s
2026-05-04 14:39:05 [INFO] [NEWS] starting ATW_leconomiste_news.py
2026-05-04 14:39:54 [INFO] [NEWS] ATW_leconomiste_news.py exit=0 elapsed=49.2s
2026-05-04 14:39:54 [INFO] [NEWS] starting ATW_marketscreener_news.py
2026-05-04 14:41:00 [INFO] [NEWS] ATW_marketscreener_news.py exit=0 elapsed=65.1s
2026-05-04 14:41:00 [INFO] [NEWS] starting ATW_medias24_news.py
2026-05-04 14:42:04 [INFO] [NEWS] ATW_medias24_news.py exit=0 elapsed=64.2s
2026-05-04 14:42:04 [INFO] [NEWS] bucket done
2026-05-04 14:42:04 [INFO] [NEWS] next_fire=2026-05-04T15:42:04
2026-05-04 14:42:34 [INFO] [REALTIME] bucket start (1 commands)
2026-05-04 14:42:34 [INFO] [REALTIME] starting atw_realtime_scraper.py
2026-05-04 14:42:38 [INFO] [REALTIME] atw_realtime_scraper.py exit=0 elapsed=4.1s
2026-05-04 14:42:38 [INFO] [REALTIME] bucket done
2026-05-04 14:42:38 [INFO] [REALTIME] next_fire=2026-05-04T14:57:38
2026-05-04 14:57:38 [INFO] [REALTIME] bucket start (1 commands)
2026-05-04 14:57:38 [INFO] [REALTIME] starting atw_realtime_scraper.py
2026-05-04 14:57:42 [INFO] [REALTIME] atw_realtime_scraper.py exit=0 elapsed=4.4s
2026-05-04 14:57:42 [INFO] [REALTIME] bucket done
2026-05-04 14:57:42 [INFO] [REALTIME] next_fire=2026-05-04T15:12:42
2026-05-04 15:12:42 [INFO] [REALTIME] bucket start (1 commands)
2026-05-04 15:12:42 [INFO] [REALTIME] starting atw_realtime_scraper.py
2026-05-04 15:12:47 [INFO] [REALTIME] atw_realtime_scraper.py exit=0 elapsed=4.8s
2026-05-04 15:12:47 [INFO] [REALTIME] bucket done
2026-05-04 15:12:47 [INFO] [REALTIME] next_fire=2026-05-04T15:27:47
2026-05-04 15:27:47 [INFO] [REALTIME] bucket start (1 commands)
2026-05-04 15:27:47 [INFO] [REALTIME] starting atw_realtime_scraper.py
2026-05-04 15:27:52 [INFO] [REALTIME] atw_realtime_scraper.py exit=0 elapsed=5.4s
2026-05-04 15:27:52 [INFO] [REALTIME] bucket done
2026-05-04 15:27:52 [INFO] [REALTIME] next_fire=2026-05-04T15:42:52
2026-05-04 15:42:23 [INFO] [NEWS] bucket start (6 commands)
2026-05-04 15:42:23 [INFO] [NEWS] starting ATW_aujourdhui_news.py
2026-05-04 15:42:40 [INFO] [NEWS] ATW_aujourdhui_news.py exit=0 elapsed=17.9s
2026-05-04 15:42:40 [INFO] [NEWS] starting ATW_boursenews_news.py
2026-05-04 15:43:08 [INFO] [NEWS] ATW_boursenews_news.py exit=0 elapsed=27.6s
2026-05-04 15:43:08 [INFO] [NEWS] starting ATW_googlenews_news.py
2026-05-04 15:43:19 [INFO] [NEWS] ATW_googlenews_news.py exit=0 elapsed=10.7s
2026-05-04 15:43:19 [INFO] [NEWS] starting ATW_leconomiste_news.py
2026-05-04 15:44:13 [INFO] [NEWS] ATW_leconomiste_news.py exit=0 elapsed=54.4s
2026-05-04 15:44:13 [INFO] [NEWS] starting ATW_marketscreener_news.py
2026-05-04 15:45:24 [INFO] [NEWS] ATW_marketscreener_news.py exit=0 elapsed=70.9s
2026-05-04 15:45:24 [INFO] [NEWS] starting ATW_medias24_news.py
2026-05-04 15:46:15 [INFO] [NEWS] ATW_medias24_news.py exit=0 elapsed=51.3s
2026-05-04 15:46:15 [INFO] [NEWS] bucket done
2026-05-04 15:46:15 [INFO] [NEWS] next_fire=2026-05-04T16:46:15
2026-05-04 15:46:45 [INFO] [REALTIME] bucket start (1 commands)
2026-05-04 15:46:45 [INFO] [REALTIME] starting atw_realtime_scraper.py
2026-05-04 15:46:49 [INFO] [REALTIME] atw_realtime_scraper.py exit=0 elapsed=4.0s
2026-05-04 15:46:49 [INFO] [REALTIME] bucket done
2026-05-04 15:46:49 [INFO] [REALTIME] next_fire=2026-05-04T16:01:49
2026-05-04 16:01:49 [INFO] [REALTIME] market closed (weekday=Monday hour=16) — parked until 2026-05-05T09:00:00
2026-05-04 16:34:00 [INFO] autorun stopped by user
2026-05-05 10:00:28 [INFO] autorun scheduler started — 3 jobs
2026-05-05 10:00:28 [INFO]   [NEWS] kind=interval next_fire=2026-05-05T10:00:28
2026-05-05 10:00:28 [INFO]   [REALTIME] kind=interval next_fire=2026-05-05T10:00:28
2026-05-05 10:00:28 [INFO]   [MONTHLY] kind=monthly next_fire=2026-06-01T02:00:00
2026-05-05 10:00:28 [INFO] [NEWS] bucket start (6 commands)
2026-05-05 10:00:28 [INFO] [NEWS] starting ATW_aujourdhui_news.py
2026-05-05 10:00:58 [INFO] [NEWS] ATW_aujourdhui_news.py exit=0 elapsed=29.0s
2026-05-05 10:00:58 [INFO] [NEWS] starting ATW_boursenews_news.py
2026-05-05 10:01:28 [INFO] [NEWS] ATW_boursenews_news.py exit=0 elapsed=30.9s
2026-05-05 10:01:28 [INFO] [NEWS] starting ATW_googlenews_news.py
2026-05-05 10:01:39 [INFO] [NEWS] ATW_googlenews_news.py exit=0 elapsed=10.9s
2026-05-05 10:01:39 [INFO] [NEWS] starting ATW_leconomiste_news.py
2026-05-05 10:02:28 [INFO] [NEWS] ATW_leconomiste_news.py exit=0 elapsed=48.5s
2026-05-05 10:02:28 [INFO] [NEWS] starting ATW_marketscreener_news.py
2026-05-05 10:03:37 [INFO] [NEWS] ATW_marketscreener_news.py exit=0 elapsed=68.9s
2026-05-05 10:03:37 [INFO] [NEWS] starting ATW_medias24_news.py
2026-05-05 10:04:30 [INFO] [NEWS] ATW_medias24_news.py exit=0 elapsed=53.0s
2026-05-05 10:04:30 [INFO] [NEWS] bucket done
2026-05-05 10:04:30 [INFO] [NEWS] next_fire=2026-05-05T11:04:30
2026-05-05 10:04:30 [INFO] [REALTIME] bucket start (1 commands)
2026-05-05 10:04:30 [INFO] [REALTIME] starting atw_realtime_scraper.py
2026-05-05 10:04:34 [INFO] [REALTIME] atw_realtime_scraper.py exit=0 elapsed=4.8s
2026-05-05 10:04:34 [INFO] [REALTIME] bucket done
2026-05-05 10:04:34 [INFO] [REALTIME] next_fire=2026-05-05T10:19:34
2026-05-05 10:19:34 [INFO] [REALTIME] bucket start (1 commands)
2026-05-05 10:19:34 [INFO] [REALTIME] starting atw_realtime_scraper.py
2026-05-05 10:19:39 [INFO] [REALTIME] atw_realtime_scraper.py exit=0 elapsed=4.3s
2026-05-05 10:19:39 [INFO] [REALTIME] bucket done
2026-05-05 10:19:39 [INFO] [REALTIME] next_fire=2026-05-05T10:34:39
2026-05-05 10:34:39 [INFO] [REALTIME] bucket start (1 commands)
2026-05-05 10:34:39 [INFO] [REALTIME] starting atw_realtime_scraper.py
2026-05-05 10:34:42 [INFO] [REALTIME] atw_realtime_scraper.py exit=0 elapsed=2.7s
2026-05-05 10:34:42 [INFO] [REALTIME] bucket done
2026-05-05 10:34:42 [INFO] [REALTIME] next_fire=2026-05-05T10:49:42
2026-05-05 10:49:42 [INFO] [REALTIME] bucket start (1 commands)
2026-05-05 10:49:42 [INFO] [REALTIME] starting atw_realtime_scraper.py
2026-05-05 10:49:44 [INFO] [REALTIME] atw_realtime_scraper.py exit=0 elapsed=2.7s
2026-05-05 10:49:44 [INFO] [REALTIME] bucket done
2026-05-05 10:49:44 [INFO] [REALTIME] next_fire=2026-05-05T11:04:44
2026-05-05 11:04:44 [INFO] [NEWS] bucket start (6 commands)
2026-05-05 11:04:44 [INFO] [NEWS] starting ATW_aujourdhui_news.py
2026-05-05 11:05:02 [INFO] [NEWS] ATW_aujourdhui_news.py exit=0 elapsed=17.6s
2026-05-05 11:05:02 [INFO] [NEWS] starting ATW_boursenews_news.py
2026-05-05 11:05:27 [INFO] [NEWS] ATW_boursenews_news.py exit=0 elapsed=25.2s
2026-05-05 11:05:27 [INFO] [NEWS] starting ATW_googlenews_news.py
2026-05-05 11:05:36 [INFO] [NEWS] ATW_googlenews_news.py exit=0 elapsed=9.0s
2026-05-05 11:05:36 [INFO] [NEWS] starting ATW_leconomiste_news.py
2026-05-05 11:06:29 [INFO] [NEWS] ATW_leconomiste_news.py exit=0 elapsed=53.2s
2026-05-05 11:06:29 [INFO] [NEWS] starting ATW_marketscreener_news.py
2026-05-05 11:07:27 [INFO] [NEWS] ATW_marketscreener_news.py exit=0 elapsed=57.8s
2026-05-05 11:07:27 [INFO] [NEWS] starting ATW_medias24_news.py
2026-05-05 11:08:14 [INFO] [NEWS] ATW_medias24_news.py exit=0 elapsed=46.8s
2026-05-05 11:08:14 [INFO] [NEWS] bucket done
2026-05-05 11:08:14 [INFO] [NEWS] next_fire=2026-05-05T12:08:14
2026-05-05 11:08:14 [INFO] [REALTIME] bucket start (1 commands)
2026-05-05 11:08:14 [INFO] [REALTIME] starting atw_realtime_scraper.py
2026-05-05 11:08:17 [INFO] [REALTIME] atw_realtime_scraper.py exit=0 elapsed=2.6s
2026-05-05 11:08:17 [INFO] [REALTIME] bucket done
2026-05-05 11:08:17 [INFO] [REALTIME] next_fire=2026-05-05T11:23:17
2026-05-05 11:23:17 [INFO] [REALTIME] bucket start (1 commands)
2026-05-05 11:23:17 [INFO] [REALTIME] starting atw_realtime_scraper.py
2026-05-05 11:23:19 [INFO] [REALTIME] atw_realtime_scraper.py exit=0 elapsed=2.7s
2026-05-05 11:23:19 [INFO] [REALTIME] bucket done
2026-05-05 11:23:19 [INFO] [REALTIME] next_fire=2026-05-05T11:38:19
2026-05-05 11:38:19 [INFO] [REALTIME] bucket start (1 commands)
2026-05-05 11:38:19 [INFO] [REALTIME] starting atw_realtime_scraper.py
2026-05-05 11:38:22 [INFO] [REALTIME] atw_realtime_scraper.py exit=0 elapsed=2.7s
2026-05-05 11:38:22 [INFO] [REALTIME] bucket done
2026-05-05 11:38:22 [INFO] [REALTIME] next_fire=2026-05-05T11:53:22
2026-05-05 11:53:22 [INFO] [REALTIME] bucket start (1 commands)
2026-05-05 11:53:22 [INFO] [REALTIME] starting atw_realtime_scraper.py
2026-05-05 11:53:25 [INFO] [REALTIME] atw_realtime_scraper.py exit=0 elapsed=2.8s
2026-05-05 11:53:25 [INFO] [REALTIME] bucket done
2026-05-05 11:53:25 [INFO] [REALTIME] next_fire=2026-05-05T12:08:25
2026-05-05 12:08:25 [INFO] [NEWS] bucket start (6 commands)
2026-05-05 12:08:25 [INFO] [NEWS] starting ATW_aujourdhui_news.py
2026-05-05 12:08:44 [INFO] [NEWS] ATW_aujourdhui_news.py exit=0 elapsed=19.3s
2026-05-05 12:08:44 [INFO] [NEWS] starting ATW_boursenews_news.py
2026-05-05 12:09:09 [INFO] [NEWS] ATW_boursenews_news.py exit=0 elapsed=24.7s
2026-05-05 12:09:09 [INFO] [NEWS] starting ATW_googlenews_news.py
2026-05-05 12:09:18 [INFO] [NEWS] ATW_googlenews_news.py exit=0 elapsed=8.6s
2026-05-05 12:09:18 [INFO] [NEWS] starting ATW_leconomiste_news.py
2026-05-05 12:10:01 [INFO] [NEWS] ATW_leconomiste_news.py exit=0 elapsed=43.4s
2026-05-05 12:10:01 [INFO] [NEWS] starting ATW_marketscreener_news.py
2026-05-05 12:11:02 [INFO] [NEWS] ATW_marketscreener_news.py exit=0 elapsed=60.7s
2026-05-05 12:11:02 [INFO] [NEWS] starting ATW_medias24_news.py
2026-05-05 12:11:48 [INFO] [NEWS] ATW_medias24_news.py exit=0 elapsed=46.8s
2026-05-05 12:11:48 [INFO] [NEWS] bucket done
2026-05-05 12:11:48 [INFO] [NEWS] next_fire=2026-05-05T13:11:48
2026-05-05 12:11:48 [INFO] [REALTIME] bucket start (1 commands)
2026-05-05 12:11:48 [INFO] [REALTIME] starting atw_realtime_scraper.py
2026-05-05 12:11:51 [INFO] [REALTIME] atw_realtime_scraper.py exit=0 elapsed=2.6s
2026-05-05 12:11:51 [INFO] [REALTIME] bucket done
2026-05-05 12:11:51 [INFO] [REALTIME] next_fire=2026-05-05T12:26:51
2026-05-05 12:26:51 [INFO] [REALTIME] bucket start (1 commands)
2026-05-05 12:26:51 [INFO] [REALTIME] starting atw_realtime_scraper.py
2026-05-05 12:26:55 [INFO] [REALTIME] atw_realtime_scraper.py exit=0 elapsed=3.8s
2026-05-05 12:26:55 [INFO] [REALTIME] bucket done
2026-05-05 12:26:55 [INFO] [REALTIME] next_fire=2026-05-05T12:41:55
2026-05-05 12:41:55 [INFO] [REALTIME] bucket start (1 commands)
2026-05-05 12:41:55 [INFO] [REALTIME] starting atw_realtime_scraper.py
2026-05-05 12:41:58 [INFO] [REALTIME] atw_realtime_scraper.py exit=0 elapsed=2.6s
2026-05-05 12:41:58 [INFO] [REALTIME] bucket done
2026-05-05 12:41:58 [INFO] [REALTIME] next_fire=2026-05-05T12:56:58
2026-05-05 12:56:58 [INFO] [REALTIME] bucket start (1 commands)
2026-05-05 12:56:58 [INFO] [REALTIME] starting atw_realtime_scraper.py
2026-05-05 12:57:00 [INFO] [REALTIME] atw_realtime_scraper.py exit=0 elapsed=2.7s
2026-05-05 12:57:00 [INFO] [REALTIME] bucket done
2026-05-05 12:57:00 [INFO] [REALTIME] next_fire=2026-05-05T13:12:00
2026-05-05 13:12:00 [INFO] [NEWS] bucket start (6 commands)
2026-05-05 13:12:00 [INFO] [NEWS] starting ATW_aujourdhui_news.py
2026-05-05 13:12:16 [INFO] [NEWS] ATW_aujourdhui_news.py exit=0 elapsed=16.1s
2026-05-05 13:12:16 [INFO] [NEWS] starting ATW_boursenews_news.py
2026-05-05 13:12:41 [INFO] [NEWS] ATW_boursenews_news.py exit=0 elapsed=24.8s
2026-05-05 13:12:41 [INFO] [NEWS] starting ATW_googlenews_news.py
2026-05-05 13:12:50 [INFO] [NEWS] ATW_googlenews_news.py exit=0 elapsed=8.5s
2026-05-05 13:12:50 [INFO] [NEWS] starting ATW_leconomiste_news.py
2026-05-05 13:13:43 [INFO] [NEWS] ATW_leconomiste_news.py exit=0 elapsed=53.1s
2026-05-05 13:13:43 [INFO] [NEWS] starting ATW_marketscreener_news.py
2026-05-05 13:14:42 [INFO] [NEWS] ATW_marketscreener_news.py exit=0 elapsed=59.5s
2026-05-05 13:14:42 [INFO] [NEWS] starting ATW_medias24_news.py
2026-05-05 13:15:28 [INFO] [NEWS] ATW_medias24_news.py exit=0 elapsed=45.7s
2026-05-05 13:15:28 [INFO] [NEWS] bucket done
2026-05-05 13:15:28 [INFO] [NEWS] next_fire=2026-05-05T14:15:28
2026-05-05 13:15:28 [INFO] [REALTIME] bucket start (1 commands)
2026-05-05 13:15:28 [INFO] [REALTIME] starting atw_realtime_scraper.py
2026-05-05 13:15:31 [INFO] [REALTIME] atw_realtime_scraper.py exit=0 elapsed=2.6s
2026-05-05 13:15:31 [INFO] [REALTIME] bucket done
2026-05-05 13:15:31 [INFO] [REALTIME] next_fire=2026-05-05T13:30:31
2026-05-05 13:30:31 [INFO] [REALTIME] bucket start (1 commands)
2026-05-05 13:30:31 [INFO] [REALTIME] starting atw_realtime_scraper.py
2026-05-05 13:30:35 [INFO] [REALTIME] atw_realtime_scraper.py exit=0 elapsed=4.3s
2026-05-05 13:30:35 [INFO] [REALTIME] bucket done
2026-05-05 13:30:35 [INFO] [REALTIME] next_fire=2026-05-05T13:45:35
2026-05-05 13:45:35 [INFO] [REALTIME] bucket start (1 commands)
2026-05-05 13:45:35 [INFO] [REALTIME] starting atw_realtime_scraper.py
2026-05-05 13:45:38 [INFO] [REALTIME] atw_realtime_scraper.py exit=0 elapsed=2.7s
2026-05-05 13:45:38 [INFO] [REALTIME] bucket done
2026-05-05 13:45:38 [INFO] [REALTIME] next_fire=2026-05-05T14:00:38
2026-05-05 14:00:38 [INFO] [REALTIME] bucket start (1 commands)
2026-05-05 14:00:38 [INFO] [REALTIME] starting atw_realtime_scraper.py
2026-05-05 14:00:41 [INFO] [REALTIME] atw_realtime_scraper.py exit=0 elapsed=3.5s
2026-05-05 14:00:41 [INFO] [REALTIME] bucket done
2026-05-05 14:00:41 [INFO] [REALTIME] next_fire=2026-05-05T14:15:41
2026-05-05 14:15:41 [INFO] [NEWS] bucket start (6 commands)
2026-05-05 14:15:41 [INFO] [NEWS] starting ATW_aujourdhui_news.py
2026-05-05 14:15:58 [INFO] [NEWS] ATW_aujourdhui_news.py exit=0 elapsed=16.8s
2026-05-05 14:15:58 [INFO] [NEWS] starting ATW_boursenews_news.py
2026-05-05 14:16:27 [INFO] [NEWS] ATW_boursenews_news.py exit=0 elapsed=29.2s
2026-05-05 14:16:27 [INFO] [NEWS] starting ATW_googlenews_news.py
2026-05-05 14:16:38 [INFO] [NEWS] ATW_googlenews_news.py exit=0 elapsed=10.7s
2026-05-05 14:16:38 [INFO] [NEWS] starting ATW_leconomiste_news.py
2026-05-05 14:17:26 [INFO] [NEWS] ATW_leconomiste_news.py exit=0 elapsed=48.4s
2026-05-05 14:17:26 [INFO] [NEWS] starting ATW_marketscreener_news.py
2026-05-05 14:18:29 [INFO] [NEWS] ATW_marketscreener_news.py exit=0 elapsed=62.3s
2026-05-05 14:18:29 [INFO] [NEWS] starting ATW_medias24_news.py
2026-05-05 14:19:16 [INFO] [NEWS] ATW_medias24_news.py exit=0 elapsed=47.8s
2026-05-05 14:19:16 [INFO] [NEWS] bucket done
2026-05-05 14:19:16 [INFO] [NEWS] next_fire=2026-05-05T15:19:16
2026-05-05 14:19:16 [INFO] [REALTIME] bucket start (1 commands)
2026-05-05 14:19:16 [INFO] [REALTIME] starting atw_realtime_scraper.py
2026-05-05 14:19:19 [INFO] [REALTIME] atw_realtime_scraper.py exit=0 elapsed=2.6s
2026-05-05 14:19:19 [INFO] [REALTIME] bucket done
2026-05-05 14:19:19 [INFO] [REALTIME] next_fire=2026-05-05T14:34:19
2026-05-05 14:34:19 [INFO] [REALTIME] bucket start (1 commands)
2026-05-05 14:34:19 [INFO] [REALTIME] starting atw_realtime_scraper.py
2026-05-05 14:34:23 [INFO] [REALTIME] atw_realtime_scraper.py exit=0 elapsed=3.7s
2026-05-05 14:34:23 [INFO] [REALTIME] bucket done
2026-05-05 14:34:23 [INFO] [REALTIME] next_fire=2026-05-05T14:49:23
2026-05-05 14:49:23 [INFO] [REALTIME] bucket start (1 commands)
2026-05-05 14:49:23 [INFO] [REALTIME] starting atw_realtime_scraper.py
2026-05-05 14:49:27 [INFO] [REALTIME] atw_realtime_scraper.py exit=0 elapsed=4.5s
2026-05-05 14:49:27 [INFO] [REALTIME] bucket done
2026-05-05 14:49:27 [INFO] [REALTIME] next_fire=2026-05-05T15:04:27
2026-05-05 16:23:13 [INFO] [NEWS] bucket start (6 commands)
2026-05-05 16:23:13 [INFO] [NEWS] starting ATW_aujourdhui_news.py
2026-05-05 16:23:18 [INFO] [NEWS] ATW_aujourdhui_news.py exit=0 elapsed=4.6s
2026-05-05 16:23:18 [INFO] [NEWS] starting ATW_boursenews_news.py
2026-05-05 16:23:21 [INFO] [NEWS] ATW_boursenews_news.py exit=0 elapsed=3.0s
2026-05-05 16:23:21 [INFO] [NEWS] starting ATW_googlenews_news.py
2026-05-05 16:23:25 [INFO] [NEWS] ATW_googlenews_news.py exit=0 elapsed=4.3s
2026-05-05 16:23:25 [INFO] [NEWS] starting ATW_leconomiste_news.py
2026-05-05 16:23:28 [INFO] [NEWS] ATW_leconomiste_news.py exit=0 elapsed=2.9s
2026-05-05 16:23:28 [INFO] [NEWS] starting ATW_marketscreener_news.py
2026-05-05 16:23:30 [INFO] [NEWS] ATW_marketscreener_news.py exit=0 elapsed=2.5s
2026-05-05 16:23:30 [INFO] [NEWS] starting ATW_medias24_news.py
2026-05-05 16:23:33 [INFO] [NEWS] ATW_medias24_news.py exit=0 elapsed=2.5s
2026-05-05 16:23:33 [INFO] [NEWS] bucket done
2026-05-05 16:23:33 [INFO] [NEWS] next_fire=2026-05-05T17:23:33
2026-05-05 16:23:33 [INFO] [REALTIME] market closed (weekday=Tuesday hour=16) — parked until 2026-05-06T09:00:00
2026-05-05 17:03:07 [INFO] autorun stopped by user
